0 info it worked if it ends with ok
1 verbose cli [ '/usr/bin/node', '/usr/bin/npm', 'i', '-g', 'gindex-cli-tool' ]
2 info using npm@3.5.2
3 info using node@v8.10.0
4 silly loadCurrentTree Starting
5 silly install loadCurrentTree
6 silly install readGlobalPackageData
7 silly fetchPackageMetaData gindex-cli-tool
8 silly fetchNamedPackageData gindex-cli-tool
9 silly mapToRegistry name gindex-cli-tool
10 silly mapToRegistry using default registry
11 silly mapToRegistry registry https://registry.npmjs.org/
12 silly mapToRegistry uri https://registry.npmjs.org/gindex-cli-tool
13 verbose request uri https://registry.npmjs.org/gindex-cli-tool
14 verbose request no auth needed
15 info attempt registry request try #1 at 08.39.15
16 verbose request id 9b854c2c82fafcb2
17 verbose etag W/"363e7a65616616ed0b71915a24db908b"
18 verbose lastModified Sat, 19 Dec 2020 15:12:28 GMT
19 http request GET https://registry.npmjs.org/gindex-cli-tool
20 http 304 https://registry.npmjs.org/gindex-cli-tool
21 verbose headers { date: 'Mon, 15 Feb 2021 01:39:15 GMT',
21 verbose headers   connection: 'keep-alive',
21 verbose headers   'set-cookie':
21 verbose headers    [ '__cfduid=d0fe352a46b22789d9717cebe6925eea51613353155; expires=Wed, 17-Mar-21 01:39:15 GMT; path=/; domain=.npmjs.org; HttpOnly; SameSite=Lax' ],
21 verbose headers   'cf-ray': '621b50659d391ab8-SIN',
21 verbose headers   age: '437',
21 verbose headers   'cache-control': 'public, max-age=300',
21 verbose headers   etag: '"363e7a65616616ed0b71915a24db908b"',
21 verbose headers   'last-modified': 'Sat, 19 Dec 2020 15:12:28 GMT',
21 verbose headers   vary: 'Accept-Encoding',
21 verbose headers   'cf-cache-status': 'HIT',
21 verbose headers   'cf-request-id': '0844f0938400001ab812058000000001',
21 verbose headers   'expect-ct': 'max-age=604800, report-uri="https://report-uri.cloudflare.com/cdn-cgi/beacon/expect-ct"',
21 verbose headers   server: 'cloudflare' }
22 silly get cb [ 304,
22 silly get   { date: 'Mon, 15 Feb 2021 01:39:15 GMT',
22 silly get     connection: 'keep-alive',
22 silly get     'set-cookie':
22 silly get      [ '__cfduid=d0fe352a46b22789d9717cebe6925eea51613353155; expires=Wed, 17-Mar-21 01:39:15 GMT; path=/; domain=.npmjs.org; HttpOnly; SameSite=Lax' ],
22 silly get     'cf-ray': '621b50659d391ab8-SIN',
22 silly get     age: '437',
22 silly get     'cache-control': 'public, max-age=300',
22 silly get     etag: '"363e7a65616616ed0b71915a24db908b"',
22 silly get     'last-modified': 'Sat, 19 Dec 2020 15:12:28 GMT',
22 silly get     vary: 'Accept-Encoding',
22 silly get     'cf-cache-status': 'HIT',
22 silly get     'cf-request-id': '0844f0938400001ab812058000000001',
22 silly get     'expect-ct': 'max-age=604800, report-uri="https://report-uri.cloudflare.com/cdn-cgi/beacon/expect-ct"',
22 silly get     server: 'cloudflare' } ]
23 verbose etag https://registry.npmjs.org/gindex-cli-tool from cache
24 verbose get saving gindex-cli-tool to /home/saveit/.npm/registry.npmjs.org/gindex-cli-tool/.cache.json
25 silly install normalizeTree
26 silly loadCurrentTree Finishing
27 silly loadIdealTree Starting
28 silly install loadIdealTree
29 silly cloneCurrentTree Starting
30 silly install cloneCurrentTreeToIdealTree
31 silly cloneCurrentTree Finishing
32 silly loadShrinkwrap Starting
33 silly install loadShrinkwrap
34 silly loadShrinkwrap Finishing
35 silly loadAllDepsIntoIdealTree Starting
36 silly install loadAllDepsIntoIdealTree
37 silly resolveWithNewModule gindex-cli-tool@1.6.0 checking installable status
38 silly cache add args [ 'gindex-cli-tool', null ]
39 verbose cache add spec gindex-cli-tool
40 silly cache add parsed spec Result {
40 silly cache add   raw: 'gindex-cli-tool',
40 silly cache add   scope: null,
40 silly cache add   name: 'gindex-cli-tool',
40 silly cache add   rawSpec: '',
40 silly cache add   spec: 'latest',
40 silly cache add   type: 'tag' }
41 silly addNamed gindex-cli-tool@latest
42 verbose addNamed "latest" is being treated as a dist-tag for gindex-cli-tool
43 info addNameTag [ 'gindex-cli-tool', 'latest' ]
44 silly mapToRegistry name gindex-cli-tool
45 silly mapToRegistry using default registry
46 silly mapToRegistry registry https://registry.npmjs.org/
47 silly mapToRegistry uri https://registry.npmjs.org/gindex-cli-tool
48 verbose addNameTag registry:https://registry.npmjs.org/gindex-cli-tool not in flight; fetching
49 verbose get https://registry.npmjs.org/gindex-cli-tool not expired, no request
50 silly addNameTag next cb for gindex-cli-tool with tag latest
51 silly addNamed gindex-cli-tool@1.6.0
52 verbose addNamed "1.6.0" is a plain semver version for gindex-cli-tool
53 silly cache afterAdd gindex-cli-tool@1.6.0
54 verbose afterAdd /home/saveit/.npm/gindex-cli-tool/1.6.0/package/package.json not in flight; writing
55 verbose afterAdd /home/saveit/.npm/gindex-cli-tool/1.6.0/package/package.json written
56 silly fetchNamedPackageData axios
57 silly mapToRegistry name axios
58 silly mapToRegistry using default registry
59 silly mapToRegistry registry https://registry.npmjs.org/
60 silly mapToRegistry uri https://registry.npmjs.org/axios
61 silly fetchNamedPackageData boxen
62 silly mapToRegistry name boxen
63 silly mapToRegistry using default registry
64 silly mapToRegistry registry https://registry.npmjs.org/
65 silly mapToRegistry uri https://registry.npmjs.org/boxen
66 silly fetchNamedPackageData chalk
67 silly mapToRegistry name chalk
68 silly mapToRegistry using default registry
69 silly mapToRegistry registry https://registry.npmjs.org/
70 silly mapToRegistry uri https://registry.npmjs.org/chalk
71 silly fetchNamedPackageData clear
72 silly mapToRegistry name clear
73 silly mapToRegistry using default registry
74 silly mapToRegistry registry https://registry.npmjs.org/
75 silly mapToRegistry uri https://registry.npmjs.org/clear
76 silly fetchNamedPackageData clipboardy
77 silly mapToRegistry name clipboardy
78 silly mapToRegistry using default registry
79 silly mapToRegistry registry https://registry.npmjs.org/
80 silly mapToRegistry uri https://registry.npmjs.org/clipboardy
81 silly fetchNamedPackageData clui
82 silly mapToRegistry name clui
83 silly mapToRegistry using default registry
84 silly mapToRegistry registry https://registry.npmjs.org/
85 silly mapToRegistry uri https://registry.npmjs.org/clui
86 silly fetchNamedPackageData conf
87 silly mapToRegistry name conf
88 silly mapToRegistry using default registry
89 silly mapToRegistry registry https://registry.npmjs.org/
90 silly mapToRegistry uri https://registry.npmjs.org/conf
91 silly fetchNamedPackageData email-prompt
92 silly mapToRegistry name email-prompt
93 silly mapToRegistry using default registry
94 silly mapToRegistry registry https://registry.npmjs.org/
95 silly mapToRegistry uri https://registry.npmjs.org/email-prompt
96 silly fetchNamedPackageData enquirer
97 silly mapToRegistry name enquirer
98 silly mapToRegistry using default registry
99 silly mapToRegistry registry https://registry.npmjs.org/
100 silly mapToRegistry uri https://registry.npmjs.org/enquirer
101 silly fetchNamedPackageData execa
102 silly mapToRegistry name execa
103 silly mapToRegistry using default registry
104 silly mapToRegistry registry https://registry.npmjs.org/
105 silly mapToRegistry uri https://registry.npmjs.org/execa
106 silly fetchNamedPackageData figlet
107 silly mapToRegistry name figlet
108 silly mapToRegistry using default registry
109 silly mapToRegistry registry https://registry.npmjs.org/
110 silly mapToRegistry uri https://registry.npmjs.org/figlet
111 silly fetchNamedPackageData open
112 silly mapToRegistry name open
113 silly mapToRegistry using default registry
114 silly mapToRegistry registry https://registry.npmjs.org/
115 silly mapToRegistry uri https://registry.npmjs.org/open
116 silly fetchNamedPackageData tmp
117 silly mapToRegistry name tmp
118 silly mapToRegistry using default registry
119 silly mapToRegistry registry https://registry.npmjs.org/
120 silly mapToRegistry uri https://registry.npmjs.org/tmp
121 silly fetchNamedPackageData unzipper
122 silly mapToRegistry name unzipper
123 silly mapToRegistry using default registry
124 silly mapToRegistry registry https://registry.npmjs.org/
125 silly mapToRegistry uri https://registry.npmjs.org/unzipper
126 silly fetchNamedPackageData yargs
127 silly mapToRegistry name yargs
128 silly mapToRegistry using default registry
129 silly mapToRegistry registry https://registry.npmjs.org/
130 silly mapToRegistry uri https://registry.npmjs.org/yargs
131 verbose request uri https://registry.npmjs.org/boxen
132 verbose request no auth needed
133 info attempt registry request try #1 at 08.39.15
134 verbose etag W/"c4d85fd606829e3dbd433742780b58a1"
135 verbose lastModified Tue, 29 Dec 2020 06:19:39 GMT
136 http request GET https://registry.npmjs.org/boxen
137 verbose request uri https://registry.npmjs.org/clear
138 verbose request no auth needed
139 info attempt registry request try #1 at 08.39.15
140 verbose etag W/"3ee0ae004e93618c1c92679aa3c882da"
141 verbose lastModified Sat, 26 May 2018 19:57:47 GMT
142 http request GET https://registry.npmjs.org/clear
143 verbose request uri https://registry.npmjs.org/clipboardy
144 verbose request no auth needed
145 info attempt registry request try #1 at 08.39.15
146 verbose etag W/"52b5ea419350af7053c1b85000e568a4"
147 verbose lastModified Thu, 19 Mar 2020 07:17:22 GMT
148 http request GET https://registry.npmjs.org/clipboardy
149 verbose request uri https://registry.npmjs.org/clui
150 verbose request no auth needed
151 info attempt registry request try #1 at 08.39.15
152 verbose etag W/"bbcc01f996ce80a1931ffa3482d91c9a"
153 verbose lastModified Sat, 26 May 2018 20:06:30 GMT
154 http request GET https://registry.npmjs.org/clui
155 verbose request uri https://registry.npmjs.org/chalk
156 verbose request no auth needed
157 info attempt registry request try #1 at 08.39.15
158 verbose etag W/"ee1019564dc1c941779ddd87d995fd88"
159 verbose lastModified Thu, 11 Feb 2021 00:27:32 GMT
160 http request GET https://registry.npmjs.org/chalk
161 verbose request uri https://registry.npmjs.org/email-prompt
162 verbose request no auth needed
163 info attempt registry request try #1 at 08.39.15
164 verbose etag W/"61adb8d49a6a29d4d070ea5cb989105e"
165 verbose lastModified Mon, 01 Feb 2021 20:33:35 GMT
166 http request GET https://registry.npmjs.org/email-prompt
167 verbose request uri https://registry.npmjs.org/conf
168 verbose request no auth needed
169 info attempt registry request try #1 at 08.39.15
170 verbose etag W/"12d2bbba1accdcdb719f273094b664b7"
171 verbose lastModified Fri, 12 Feb 2021 09:31:23 GMT
172 http request GET https://registry.npmjs.org/conf
173 verbose request uri https://registry.npmjs.org/enquirer
174 verbose request no auth needed
175 info attempt registry request try #1 at 08.39.15
176 verbose etag W/"225283ac25f018340eebd79bf425be20"
177 verbose lastModified Thu, 22 Oct 2020 13:46:22 GMT
178 http request GET https://registry.npmjs.org/enquirer
179 verbose request uri https://registry.npmjs.org/execa
180 verbose request no auth needed
181 info attempt registry request try #1 at 08.39.15
182 verbose etag W/"ac5386d82b61fa9ff268ef147f4e90f7"
183 verbose lastModified Fri, 22 Jan 2021 11:30:14 GMT
184 http request GET https://registry.npmjs.org/execa
185 verbose request uri https://registry.npmjs.org/figlet
186 verbose request no auth needed
187 info attempt registry request try #1 at 08.39.15
188 verbose etag W/"4d999682544c6f47031edf92c01c26dd"
189 verbose lastModified Mon, 28 Dec 2020 03:00:37 GMT
190 http request GET https://registry.npmjs.org/figlet
191 verbose request uri https://registry.npmjs.org/open
192 verbose request no auth needed
193 info attempt registry request try #1 at 08.39.15
194 verbose etag W/"ef9dd43551b405beb1c86914b3046b35"
195 verbose lastModified Sun, 14 Feb 2021 07:43:14 GMT
196 http request GET https://registry.npmjs.org/open
197 verbose request uri https://registry.npmjs.org/axios
198 verbose request no auth needed
199 info attempt registry request try #1 at 08.39.15
200 verbose etag W/"226848a088dce4ccb381957fe64224d9"
201 verbose lastModified Thu, 11 Feb 2021 00:18:38 GMT
202 http request GET https://registry.npmjs.org/axios
203 verbose request uri https://registry.npmjs.org/unzipper
204 verbose request no auth needed
205 info attempt registry request try #1 at 08.39.15
206 verbose etag W/"09054a9d7df56e41997bdb3f9011e9b5"
207 verbose lastModified Mon, 20 Apr 2020 13:09:29 GMT
208 http request GET https://registry.npmjs.org/unzipper
209 verbose request uri https://registry.npmjs.org/yargs
210 verbose request no auth needed
211 info attempt registry request try #1 at 08.39.15
212 verbose etag W/"89b32ceaa88ec8b7a70f91f412896351"
213 verbose lastModified Thu, 11 Feb 2021 00:48:27 GMT
214 http request GET https://registry.npmjs.org/yargs
215 verbose request uri https://registry.npmjs.org/tmp
216 verbose request no auth needed
217 info attempt registry request try #1 at 08.39.15
218 verbose etag W/"6e3b5e7289e3ffb80f28ed8e314a7b25"
219 verbose lastModified Wed, 29 Apr 2020 16:39:46 GMT
220 http request GET https://registry.npmjs.org/tmp
221 http 304 https://registry.npmjs.org/boxen
222 verbose headers { date: 'Mon, 15 Feb 2021 01:39:15 GMT',
222 verbose headers   connection: 'keep-alive',
222 verbose headers   'set-cookie':
222 verbose headers    [ '__cfduid=d0fe352a46b22789d9717cebe6925eea51613353155; expires=Wed, 17-Mar-21 01:39:15 GMT; path=/; domain=.npmjs.org; HttpOnly; SameSite=Lax' ],
222 verbose headers   'cf-ray': '621b50669f2e1ab8-SIN',
222 verbose headers   age: '6911',
222 verbose headers   'cache-control': 'public, max-age=300',
222 verbose headers   etag: '"c4d85fd606829e3dbd433742780b58a1"',
222 verbose headers   'last-modified': 'Tue, 29 Dec 2020 06:19:39 GMT',
222 verbose headers   vary: 'Accept-Encoding',
222 verbose headers   'cf-cache-status': 'HIT',
222 verbose headers   'cf-request-id': '0844f0942400001ab83ea44000000001',
222 verbose headers   'expect-ct': 'max-age=604800, report-uri="https://report-uri.cloudflare.com/cdn-cgi/beacon/expect-ct"',
222 verbose headers   server: 'cloudflare' }
223 silly get cb [ 304,
223 silly get   { date: 'Mon, 15 Feb 2021 01:39:15 GMT',
223 silly get     connection: 'keep-alive',
223 silly get     'set-cookie':
223 silly get      [ '__cfduid=d0fe352a46b22789d9717cebe6925eea51613353155; expires=Wed, 17-Mar-21 01:39:15 GMT; path=/; domain=.npmjs.org; HttpOnly; SameSite=Lax' ],
223 silly get     'cf-ray': '621b50669f2e1ab8-SIN',
223 silly get     age: '6911',
223 silly get     'cache-control': 'public, max-age=300',
223 silly get     etag: '"c4d85fd606829e3dbd433742780b58a1"',
223 silly get     'last-modified': 'Tue, 29 Dec 2020 06:19:39 GMT',
223 silly get     vary: 'Accept-Encoding',
223 silly get     'cf-cache-status': 'HIT',
223 silly get     'cf-request-id': '0844f0942400001ab83ea44000000001',
223 silly get     'expect-ct': 'max-age=604800, report-uri="https://report-uri.cloudflare.com/cdn-cgi/beacon/expect-ct"',
223 silly get     server: 'cloudflare' } ]
224 verbose etag https://registry.npmjs.org/boxen from cache
225 verbose get saving boxen to /home/saveit/.npm/registry.npmjs.org/boxen/.cache.json
226 silly resolveWithNewModule boxen@4.2.0 checking installable status
227 silly cache add args [ 'boxen@^4.2.0', null ]
228 verbose cache add spec boxen@^4.2.0
229 silly cache add parsed spec Result {
229 silly cache add   raw: 'boxen@^4.2.0',
229 silly cache add   scope: null,
229 silly cache add   name: 'boxen',
229 silly cache add   rawSpec: '^4.2.0',
229 silly cache add   spec: '>=4.2.0 <5.0.0',
229 silly cache add   type: 'range' }
230 silly addNamed boxen@>=4.2.0 <5.0.0
231 verbose addNamed ">=4.2.0 <5.0.0" is a valid semver range for boxen
232 silly addNameRange { name: 'boxen', range: '>=4.2.0 <5.0.0', hasData: false }
233 silly mapToRegistry name boxen
234 silly mapToRegistry using default registry
235 silly mapToRegistry registry https://registry.npmjs.org/
236 silly mapToRegistry uri https://registry.npmjs.org/boxen
237 verbose addNameRange registry:https://registry.npmjs.org/boxen not in flight; fetching
238 verbose get https://registry.npmjs.org/boxen not expired, no request
239 silly addNameRange number 2 { name: 'boxen', range: '>=4.2.0 <5.0.0', hasData: true }
240 silly addNameRange versions [ 'boxen',
240 silly addNameRange   [ '0.1.0',
240 silly addNameRange     '0.2.0',
240 silly addNameRange     '0.3.0',
240 silly addNameRange     '0.3.1',
240 silly addNameRange     '0.4.0',
240 silly addNameRange     '0.5.0',
240 silly addNameRange     '0.5.1',
240 silly addNameRange     '0.6.0',
240 silly addNameRange     '0.7.0',
240 silly addNameRange     '0.8.0',
240 silly addNameRange     '0.8.1',
240 silly addNameRange     '1.0.0',
240 silly addNameRange     '1.1.0',
240 silly addNameRange     '1.2.0',
240 silly addNameRange     '1.2.1',
240 silly addNameRange     '1.2.2',
240 silly addNameRange     '1.3.0',
240 silly addNameRange     '2.0.0',
240 silly addNameRange     '2.1.0',
240 silly addNameRange     '3.0.0',
240 silly addNameRange     '3.1.0',
240 silly addNameRange     '3.2.0',
240 silly addNameRange     '4.0.0',
240 silly addNameRange     '4.1.0',
240 silly addNameRange     '4.2.0',
240 silly addNameRange     '5.0.0' ] ]
241 silly addNamed boxen@4.2.0
242 verbose addNamed "4.2.0" is a plain semver version for boxen
243 silly cache afterAdd boxen@4.2.0
244 verbose afterAdd /home/saveit/.npm/boxen/4.2.0/package/package.json not in flight; writing
245 verbose afterAdd /home/saveit/.npm/boxen/4.2.0/package/package.json written
246 http 304 https://registry.npmjs.org/yargs
247 verbose headers { date: 'Mon, 15 Feb 2021 01:39:15 GMT',
247 verbose headers   connection: 'keep-alive',
247 verbose headers   'set-cookie':
247 verbose headers    [ '__cfduid=d0fe352a46b22789d9717cebe6925eea51613353155; expires=Wed, 17-Mar-21 01:39:15 GMT; path=/; domain=.npmjs.org; HttpOnly; SameSite=Lax' ],
247 verbose headers   'cf-ray': '621b506748521ab8-SIN',
247 verbose headers   age: '5589',
247 verbose headers   'cache-control': 'public, max-age=300',
247 verbose headers   etag: '"89b32ceaa88ec8b7a70f91f412896351"',
247 verbose headers   'last-modified': 'Thu, 11 Feb 2021 00:48:27 GMT',
247 verbose headers   vary: 'Accept-Encoding',
247 verbose headers   'cf-cache-status': 'HIT',
247 verbose headers   'cf-request-id': '0844f0948a00001ab81ba94000000001',
247 verbose headers   'expect-ct': 'max-age=604800, report-uri="https://report-uri.cloudflare.com/cdn-cgi/beacon/expect-ct"',
247 verbose headers   server: 'cloudflare' }
248 silly get cb [ 304,
248 silly get   { date: 'Mon, 15 Feb 2021 01:39:15 GMT',
248 silly get     connection: 'keep-alive',
248 silly get     'set-cookie':
248 silly get      [ '__cfduid=d0fe352a46b22789d9717cebe6925eea51613353155; expires=Wed, 17-Mar-21 01:39:15 GMT; path=/; domain=.npmjs.org; HttpOnly; SameSite=Lax' ],
248 silly get     'cf-ray': '621b506748521ab8-SIN',
248 silly get     age: '5589',
248 silly get     'cache-control': 'public, max-age=300',
248 silly get     etag: '"89b32ceaa88ec8b7a70f91f412896351"',
248 silly get     'last-modified': 'Thu, 11 Feb 2021 00:48:27 GMT',
248 silly get     vary: 'Accept-Encoding',
248 silly get     'cf-cache-status': 'HIT',
248 silly get     'cf-request-id': '0844f0948a00001ab81ba94000000001',
248 silly get     'expect-ct': 'max-age=604800, report-uri="https://report-uri.cloudflare.com/cdn-cgi/beacon/expect-ct"',
248 silly get     server: 'cloudflare' } ]
249 verbose etag https://registry.npmjs.org/yargs from cache
250 verbose get saving yargs to /home/saveit/.npm/registry.npmjs.org/yargs/.cache.json
251 verbose stack Error: Missing required argument #1
251 verbose stack     at andLogAndFinish (/usr/share/npm/lib/fetch-package-metadata.js:31:3)
251 verbose stack     at fetchPackageMetadata (/usr/share/npm/lib/fetch-package-metadata.js:51:22)
251 verbose stack     at resolveWithNewModule (/usr/share/npm/lib/install/deps.js:456:12)
251 verbose stack     at /usr/share/npm/lib/install/deps.js:457:7
251 verbose stack     at /usr/share/npm/node_modules/iferr/index.js:13:50
251 verbose stack     at /usr/share/npm/lib/fetch-package-metadata.js:37:12
251 verbose stack     at addRequestedAndFinish (/usr/share/npm/lib/fetch-package-metadata.js:82:5)
251 verbose stack     at returnAndAddMetadata (/usr/share/npm/lib/fetch-package-metadata.js:117:7)
251 verbose stack     at pickVersionFromRegistryDocument (/usr/share/npm/lib/fetch-package-metadata.js:134:20)
251 verbose stack     at /usr/share/npm/node_modules/iferr/index.js:13:50
252 verbose cwd /home/saveit/Documents/gindex-v4-backend-v2.2.5/cli-tool
253 error Linux 5.4.0-65-generic
254 error argv "/usr/bin/node" "/usr/bin/npm" "i" "-g" "gindex-cli-tool"
255 error node v8.10.0
256 error npm  v3.5.2
257 error code EMISSINGARG
258 error typeerror Error: Missing required argument #1
258 error typeerror     at andLogAndFinish (/usr/share/npm/lib/fetch-package-metadata.js:31:3)
258 error typeerror     at fetchPackageMetadata (/usr/share/npm/lib/fetch-package-metadata.js:51:22)
258 error typeerror     at resolveWithNewModule (/usr/share/npm/lib/install/deps.js:456:12)
258 error typeerror     at /usr/share/npm/lib/install/deps.js:457:7
258 error typeerror     at /usr/share/npm/node_modules/iferr/index.js:13:50
258 error typeerror     at /usr/share/npm/lib/fetch-package-metadata.js:37:12
258 error typeerror     at addRequestedAndFinish (/usr/share/npm/lib/fetch-package-metadata.js:82:5)
258 error typeerror     at returnAndAddMetadata (/usr/share/npm/lib/fetch-package-metadata.js:117:7)
258 error typeerror     at pickVersionFromRegistryDocument (/usr/share/npm/lib/fetch-package-metadata.js:134:20)
258 error typeerror     at /usr/share/npm/node_modules/iferr/index.js:13:50
259 error typeerror This is an error with npm itself. Please report this error at:
259 error typeerror     <http://github.com/npm/npm/issues>
260 verbose exit [ 1, true ]
